/home/runner/work/Indusferno/Indusferno/src/h_station.c:1: warning: the name 'h_stations.c' supplied as the argument in the \file statement is not an input file
Parsing layout file DoxygenLayout.xml...
Searching for include files...
Searching for example files...
Searching for images...
Searching for dot files...
Searching for msc files...
Searching for dia files...
Searching for files to exclude
Searching INPUT for files to process...
Searching for files in directory /home/runner/work/Indusferno/Indusferno/src
Searching for files in directory /home/runner/work/Indusferno/Indusferno/docs/doxygen
Reading and parsing tag files
Parsing files
Preprocessing /home/runner/work/Indusferno/Indusferno/src/h_cargo.c...
Parsing file /home/runner/work/Indusferno/Indusferno/src/h_cargo.c...
Preprocessing /home/runner/work/Indusferno/Indusferno/src/h_cargo.h...
Parsing file /home/runner/work/Indusferno/Indusferno/src/h_cargo.h...
Preprocessing /home/runner/work/Indusferno/Indusferno/src/h_company.c...
Parsing file /home/runner/work/Indusferno/Indusferno/src/h_company.c...
Preprocessing /home/runner/work/Indusferno/Indusferno/src/h_company.h...
Parsing file /home/runner/work/Indusferno/Indusferno/src/h_company.h...
Preprocessing /home/runner/work/Indusferno/Indusferno/src/h_industry.c...
Parsing file /home/runner/work/Indusferno/Indusferno/src/h_industry.c...
Preprocessing /home/runner/work/Indusferno/Indusferno/src/h_industry.h...
Parsing file /home/runner/work/Indusferno/Indusferno/src/h_industry.h...
Preprocessing /home/runner/work/Indusferno/Indusferno/src/h_station.c...
Parsing file /home/runner/work/Indusferno/Indusferno/src/h_station.c...
Preprocessing /home/runner/work/Indusferno/Indusferno/src/h_station.h...
Parsing file /home/runner/work/Indusferno/Indusferno/src/h_station.h...
Preprocessing /home/runner/work/Indusferno/Indusferno/src/i_place.c...
Parsing file /home/runner/work/Indusferno/Indusferno/src/i_place.c...
Preprocessing /home/runner/work/Indusferno/Indusferno/src/i_place.h...
Parsing file /home/runner/work/Indusferno/Indusferno/src/i_place.h...
Preprocessing /home/runner/work/Indusferno/Indusferno/src/m_error.c...
Parsing file /home/runner/work/Indusferno/Indusferno/src/m_error.c...
Preprocessing /home/runner/work/Indusferno/Indusferno/src/m_error.h...
Parsing file /home/runner/work/Indusferno/Indusferno/src/m_error.h...
Preprocessing /home/runner/work/Indusferno/Indusferno/src/m_util.h...
Parsing file /home/runner/work/Indusferno/Indusferno/src/m_util.h...
Reading /home/runner/work/Indusferno/Indusferno/docs/doxygen/high.md...
Reading /home/runner/work/Indusferno/Indusferno/docs/doxygen/internals.md...
Reading /home/runner/work/Indusferno/Indusferno/docs/doxygen/main.md...
Building group list...
Building directory list...
Building namespace list...
Building file list...
Building class list...
Computing nesting relations for classes...
Associating documentation with classes...
Building example list...
Searching for enumerations...
Searching for documented typedefs...
Searching for members imported via using declarations...
Searching for included using directives...
Searching for documented variables...
Building interface member list...
Building member list...
Searching for friends...
Searching for documented defines...
Computing class inheritance relations...
Computing class usage relations...
Flushing cached template relations that have become invalid...
Computing class relations...
Add enum values to enums...
Searching for member function documentation...
Creating members for template instances...
Building page list...
Search for main page...
Computing page relations...
Determining the scope of groups...
Sorting lists...
Determining which enums are documented
Computing member relations...
Building full member lists recursively...
Adding members to member groups.
Computing member references...
Inheriting documentation...
Generating disk names...
Adding source references...
Adding xrefitems...
Sorting member lists...
Setting anonymous enum type...
Computing dependencies between directories...
Generating citations page...
Counting members...
Counting data structures...
Resolving user defined references...
Finding anchors and sections in the documentation...
Transferring functsh: 1: sh: 1: dot: not founddot: not found

error: Problems running dot: exit code=127, command='dot', arguments='"/home/runner/work/Indusferno/Indusferno/html/h__cargo_8h__incl.dot" -Tpng -o "/home/runner/work/Indusferno/Indusferno/html/h__cargo_8h__incl.png"'
error: Problems running dot: exit code=127, command='dot', arguments='"/home/runner/work/Indusferno/Indusferno/html/graph_legend.dot" -Tpng -o "/home/runner/work/Indusferno/Indusferno/html/graph_legend.png"'
sh: 1: dot: not found
error: Problems running dot: exit code=127, command='dot', arguments='"/home/runner/work/Indusferno/Indusferno/html/i__place_8c__incl.dot" -Tpng -o "/home/runner/work/Indusferno/Indusferno/html/i__place_8c__incl.png"'
sh: 1: dot: not found
error: Problems running dot: exit code=127, command='dot', arguments='"/home/runner/work/Indusferno/Indusferno/html/m__error_8h__dep__incl.dot" -Tpng -o "/home/runner/work/Indusferno/Indusferno/html/m__error_8h__dep__incl.png"'
sh: 1: dot: not found
error: Problems running dot: exit code=127, command='dot', arguments='"/home/runner/work/Indusferno/Indusferno/html/structspotmap__bucket__t__coll__graph.dot" -Tpng -o "/home/runner/work/Indusferno/Indusferno/html/structspotmap__bucket__t__coll__graph.png"'
sh: 1: dot: not found
error: Problems running dot: exit code=127, command='dot', arguments='"/home/runner/work/Indusferno/Indusferno/html/h__industry_8c__incl.dot" -Tpng -o "/home/runner/work/Indusferno/Indusferno/html/h__industry_8c__incl.png"'
sh: 1: dot: not found
error: Problems running dot: exit code=127, command='dot', arguments='"/home/runner/work/Indusferno/Indusferno/html/h__cargo_8h__dep__incl.dot" -Tpng -o "/home/runner/work/Indusferno/Indusferno/html/h__cargo_8h__dep__incl.png"'
sh: 1: dot: not found
error: Problems running dot: exit code=127, command='dot', arguments='"/home/runner/work/Indusferno/Indusferno/html/structstation__t__coll__graph.dot" -Tpng -o "/home/runner/work/Indusferno/Indusferno/html/structstation__t__coll__graph.png"'
sh: 1: dot: not found
error: Problems running dot: exit code=127, command='dot', arguments='"/home/runner/work/Indusferno/Indusferno/html/structspotmap__t__coll__graph.dot" -Tpng -o "/home/runner/work/Indusferno/Indusferno/html/structspotmap__t__coll__graph.png"'
sh: 1: dot: not found
error: Problems running dot: exit code=127, command='dot', arguments='"/home/runner/work/Indusferno/Indusferno/html/h__company_8h__dep__incl.dot" -Tpng -o "/home/runner/work/Indusferno/Indusferno/html/h__company_8h__dep__incl.png"'
sh: 1: dot: not found
error: Problems running dot: exit code=127, command='dot', arguments='"/home/runner/work/Indusferno/Indusferno/html/i__place_8h__dep__incl.dot" -Tpng -o "/home/runner/work/Indusferno/Indusferno/html/i__place_8h__dep__incl.png"'
sh: 1: dot: not found
error: Problems running dot: exit code=127, command='dot', arguments='"/home/runner/work/Indusferno/Indusferno/html/h__station_8h__incl.dot" -Tpng -o "/home/runner/work/Indusferno/Indusferno/html/h__station_8h__incl.png"'
sh: 1: dot: not found
error: Problems running dot: exit code=127, command='dot', arguments='"/home/runner/work/Indusferno/Indusferno/html/h__cargo_8c__incl.dot" -Tpng -o "/home/runner/work/Indusferno/Indusferno/html/h__cargo_8c__incl.png"'
sh: 1: dot: not found
error: Problems running dot: exit code=127, command='dot', arguments='"/home/runner/work/Indusferno/Indusferno/html/m__util_8h__dep__incl.dot" -Tpng -o "/home/runner/work/Indusferno/Indusferno/html/m__util_8h__dep__incl.png"'
sh: 1: dot: not found
error: Problems running dot: exit code=127, command='dot', arguments='"/home/runner/work/Indusferno/Indusferno/html/h__industry_8h__incl.dot" -Tpng -o "/home/runner/work/Indusferno/Indusferno/html/h__industry_8h__incl.png"'
sh: 1: dot: not found
error: Problems running dot: exit code=127, command='dot', arguments='"/home/runner/work/Indusferno/Indusferno/html/h__industry_8h__dep__incl.dot" -Tpng -o "/home/runner/work/Indusferno/Indusferno/html/h__industry_8h__dep__incl.png"'
sh: 1: dot: not found
error: Problems running dot: exit code=127, command='dot', arguments='"/home/runner/work/Indusferno/Indusferno/html/h__company_8h__incl.dot" -Tpng -o "/home/runner/work/Indusferno/Indusferno/html/h__company_8h__incl.png"'
sh: 1: dot: not found
error: Problems running dot: exit code=127, command='dot', arguments='"/home/runner/work/Indusferno/Indusferno/html/i__place_8h__incl.dot" -Tpng -o "/home/runner/work/Indusferno/Indusferno/html/i__place_8h__incl.png"'
sh: 1: dot: not found
error: Problems running dot: exit code=127, command='dot', arguments='"/home/runner/work/Indusferno/Indusferno/html/h__company_8c__incl.dot" -Tpng -o "/home/runner/work/Indusferno/Indusferno/html/h__company_8c__incl.png"'
sh: 1: dot: not found
error: Problems running dot: exit code=127, command='dot', arguments='"/home/runner/work/Indusferno/Indusferno/html/m__error_8c__incl.dot" -Tpng -o "/home/runner/work/Indusferno/Indusferno/html/m__error_8c__incl.png"'
error: problems opening map file /home/runner/work/Indusferno/Indusferno/html/h__cargo_8c__incl.map for inclusion in the docs!
If you installed Graphviz/dot after a previous failing run, 
try deleting the output directory and rerun doxygen.
error: problems opening map file /home/runner/work/Indusferno/Indusferno/html/h__cargo_8h__incl.map for inclusion in the docs!
If you installed Graphviz/dot after a previous failing run, 
try deleting the output directory and rerun doxygen.
error: problems opening map file /home/runner/work/Indusferno/Indusferno/html/h__cargo_8h__dep__incl.map for inclusion in the docs!
If you installed Graphviz/dot after a previous failing run, 
try deleting the output directory and rerun doxygen.
error: problems opening map file /home/runner/work/Indusferno/Indusferno/html/h__company_8c__incl.map for inclusion in the docs!
If you installed Graphviz/dot after a previous failing run, 
try deleting the output directory and rerun doxygen.
error: problems opening map file /home/runner/work/Indusferno/Indusferno/html/h__company_8h__incl.map for inclusion in the docs!
If you installed Graphviz/dot after a previous failing run, 
try deleting the output directory and rerun doxygen.
error: problems opening map file /home/runner/work/Indusferno/Indusferno/html/h__company_8h__dep__incl.map for inclusion in the docs!
If you installed Graphviz/dot after a previous failing run, 
try deleting the output directory and rerun doxygen.
error: problems opening map file /home/runner/work/Indusferno/Indusferno/html/h__industry_8c__incl.map for inclusion in the docs!
If you installed Graphviz/dot after a previous failing run, 
try deleting the output directory and rerun doxygen.
error: problems opening map file /home/runner/work/Indusferno/Indusferno/html/h__industry_8h__incl.map for inclusion in the docs!
If you installed Graphviz/dot after a previous failing run, 
try deleting the output directory and rerun doxygen.
error: problems opening map file /home/runner/work/Indusferno/Indusferno/html/h__industry_8h__dep__incl.map for inclusion in the docs!
If you installed Graphviz/dot after a previous failing run, 
try deleting the output directory and rerun doxygen.
error: problems opening map file /home/runner/work/Indusferno/Indusferno/html/h__station_8h__incl.map for inclusion in the docs!
If you installed Graphviz/dot after a previous failing run, 
try deleting the output directory and rerun doxygen.
error: problems opening map file /home/runner/work/Indusferno/Indusferno/html/i__place_8c__incl.map for inclusion in the docs!
If you installed Graphviz/dot after a previous failing run, 
try deleting the output directory and rerun doxygen.
error: problems opening map file /home/runner/work/Indusferno/Indusferno/html/i__place_8h__incl.map for inclusion in the docs!
If you installed Graphviz/dot after a previous failing run, 
try deleting the output directory and rerun doxygen.
error: problems opening map file /home/runner/work/Indusferno/Indusferno/html/i__place_8h__dep__incl.map for inclusion in the docs!
If you installed Graphviz/dot after a previous failing run, 
try deleting the output directory and rerun doxygen.
error: problems opening map file /home/runner/work/Indusferno/Indusferno/html/m__error_8c__incl.map for inclusion in the docs!
If you installed Graphviz/dot after a previous failing run, 
try deleting the output directory and rerun doxygen.
error: problems opening map file /home/runner/work/Indusferno/Indusferno/html/m__error_8h__dep__incl.map for inclusion in the docs!
If you installed Graphviz/dot after a previous failing run, 
try deleting the output directory and rerun doxygen.
error: problems opening map file /home/runner/work/Indusferno/Indusferno/html/m__util_8h__dep__incl.map for inclusion in the docs!
If you installed Graphviz/dot after a previous failing run, 
try deleting the output directory and rerun doxygen.
error: problems opening map file /home/runner/work/Indusferno/Indusferno/html/structspotmap__bucket__t__coll__graph.map for inclusion in the docs!
If you installed Graphviz/dot after a previous failing run, 
try deleting the output directory and rerun doxygen.
error: problems opening map file /home/runner/work/Indusferno/Indusferno/html/structspotmap__t__coll__graph.map for inclusion in the docs!
If you installed Graphviz/dot after a previous failing run, 
try deleting the output directory and rerun doxygen.
error: problems opening map file /home/runner/work/Indusferno/Indusferno/html/structstation__t__coll__graph.map for inclusion in the docs!
If you installed Graphviz/dot after a previous failing run, 
try deleting the output directory and rerun doxygen.
ion references...
Combining using relations...
Adding members to index pages...
Correcting members for VHDL...
Generating style sheet...
Generating search indices...
Generating example documentation...
Generating file sources...
Generating code for file src/h_cargo.h...
Generating code for file src/h_company.h...
Generating code for file src/h_industry.h...
Generating code for file src/h_station.h...
Generating code for file src/i_place.h...
Generating code for file src/m_error.h...
Generating code for file src/m_util.h...
Generating file documentation...
Generating docs for file src/h_cargo.c...
Generating docs for file src/h_cargo.h...
Generating docs for file src/h_company.c...
Generating docs for file src/h_company.h...
Generating docs for file src/h_industry.c...
Generating docs for file src/h_industry.h...
Generating docs for file src/h_station.h...
Generating docs for file src/i_place.c...
Generating docs for file src/i_place.h...
Generating docs for file src/m_error.c...
Generating docs for file src/m_error.h...
Generating docs for file src/m_util.h...
Generating page documentation...
Generating docs for page md_docs_doxygen_high...
Generating docs for page md_docs_doxygen_internals...
Generating group documentation...
Generating class documentation...
Generating docs for compound cargo_t...
Generating docs for compound company_t...
Generating docs for compound industry_t...
Generating docs for compound industry_type_t...
Generating docs for compound spot_t...
Generating docs for compound spotmap_bucket_t...
Generating docs for compound spotmap_t...
Generating docs for compound spotmap_tile_t...
Generating docs for compound station_load_t...
Generating docs for compound station_t...
Generating namespace index...
Generating graph info page...
Generating directory documentation...
Generating index page...
Generating page index...
Generating module index...
Generating namespace index...
Generating namespace member index...
Generating annotated compound index...
Generating alphabetical compound index...
Generating hierarchical class index...
Generating graphical class hierarchy...
Generating member index...
Generating file index...
Generating file member index...
Generating example index...
finalizing index lists...
writing tag file...
Running plantuml with JAVA...
Running dot...
Generating dot graphs using 3 parallel threads...
Running dot for graph 1/20
Running dot for graph 2/20
Running dot for graph 3/20
Running dot for graph 4/20
Running dot for graph 5/20
Running dot for graph 6/20
Running dot for graph 7/20
Running dot for graph 8/20
Running dot for graph 9/20
Running dot for graph 10/20
Running dot for graph 11/20
Running dot for graph 12/20
Running dot for graph 13/20
Running dot for graph 14/20
Running dot for graph 15/20
Running dot for graph 16/20
Running dot for graph 17/20
Running dot for graph 18/20
Running dot for graph 19/20
Running dot for graph 20/20
Patching output file 1/15
Patching output file 2/15
Patching output file 3/15
Patching output file 4/15
Patching output file 5/15
Patching output file 6/15
Patching output file 7/15
Patching output file 8/15
Patching output file 9/15
Patching output file 10/15
Patching output file 11/15
Patching output file 12/15
Patching output file 13/15
Patching output file 14/15
Patching output file 15/15
lookup cache used 138/65536 hits=606 misses=141
finished...
